/tmp/build/dce06a3d/mono_test_src/runtime/test_data/datafarm0 dir is not empty, please clear it first.
Installing MariaDB/MySQL system tables in '/tmp/build/dce06a3d/mono_test_src/runtime/test_data/datafarm0' ...
[time 2024-12-31T11:30:46.375749] [level WARNING] [thread 22107] [sql_plugin.cc:1189] Plugin 'MONOGRAPH' is of maturity level experimental while the server is stable
[time 2024-12-31T11:30:46.376333] [level WARNING] [thread 22107] [sql_plugin.cc:1189] Plugin 'MONOGRAPH_TEMP_TABLE_INFO' is of maturity level experimental while the server is stable
1735644646.945 [WARN] (decoder.cpp:134:bool datastax::internal::core::Decoder::decode_warnings(datastax::internal::core::WarningVec&)): Server-side warning: Cluster already contains 208 tables in 14 keyspaces. Having a large number of tables will significantly slow down schema dependent cluster operations.
1735644647.085 [WARN] (decoder.cpp:134:bool datastax::internal::core::Decoder::decode_warnings(datastax::internal::core::WarningVec&)): Server-side warning: Cluster already contains 209 tables in 14 keyspaces. Having a large number of tables will significantly slow down schema dependent cluster operations.
1735644647.248 [WARN] (decoder.cpp:134:bool datastax::internal::core::Decoder::decode_warnings(datastax::internal::core::WarningVec&)): Server-side warning: Cluster already contains 210 tables in 14 keyspaces. Having a large number of tables will significantly slow down schema dependent cluster operations.
1735644647.417 [WARN] (decoder.cpp:134:bool datastax::internal::core::Decoder::decode_warnings(datastax::internal::core::WarningVec&)): Server-side warning: Cluster already contains 211 tables in 14 keyspaces. Having a large number of tables will significantly slow down schema dependent cluster operations.
1735644647.555 [WARN] (decoder.cpp:134:bool datastax::internal::core::Decoder::decode_warnings(datastax::internal::core::WarningVec&)): Server-side warning: Cluster already contains 212 tables in 14 keyspaces. Having a large number of tables will significantly slow down schema dependent cluster operations.
1735644647.716 [WARN] (decoder.cpp:134:bool datastax::internal::core::Decoder::decode_warnings(datastax::internal::core::WarningVec&)): Server-side warning: Cluster already contains 213 tables in 14 keyspaces. Having a large number of tables will significantly slow down schema dependent cluster operations.
1735644647.885 [WARN] (decoder.cpp:134:bool datastax::internal::core::Decoder::decode_warnings(datastax::internal::core::WarningVec&)): Server-side warning: Cluster already contains 214 tables in 14 keyspaces. Having a large number of tables will significantly slow down schema dependent cluster operations.
1735644648.031 [WARN] (decoder.cpp:134:bool datastax::internal::core::Decoder::decode_warnings(datastax::internal::core::WarningVec&)): Server-side warning: Cluster already contains 215 tables in 14 keyspaces. Having a large number of tables will significantly slow down schema dependent cluster operations.
1735644648.191 [WARN] (decoder.cpp:134:bool datastax::internal::core::Decoder::decode_warnings(datastax::internal::core::WarningVec&)): Server-side warning: Cluster already contains 216 tables in 14 keyspaces. Having a large number of tables will significantly slow down schema dependent cluster operations.
[time 2024-12-31T11:30:48.208900] [level INFO] [thread 22107] [raft_log_instance.h:135] This raft node conf_ is 127.0.0.1:8012:0
[time 2024-12-31T11:30:48.220018] [level INFO] [thread 22107] [raft_log_instance.h:189] starting log instance at 127.0.0.1:8012
[time 2024-12-31T11:30:48.220083] [level INFO] [thread 22107] [raft_log_instance.h:192] starting log_state
[time 2024-12-31T11:30:48.220275] [level INFO] [thread 22107] [log_state_rocksdb_impl.cpp:305] Starting log state local rocksdb
[time 2024-12-31T11:30:48.257973] [level INFO] [thread 22107] [log_state_rocksdb_impl.cpp:348] local rocksdb started
[time 2024-12-31T11:30:48.258273] [level INFO] [thread 22107] [raft_log_instance.h:218] initializing raft node
[time 2024-12-31T11:30:48.258358] [level INFO] [thread 22107] [raft_log_instance.h:239] This raft node initial conf is 127.0.0.1:8012:0:0
[time 2024-12-31T11:30:48.258466] [level INFO] [thread 22152] [log_state_rocksdb_impl.cpp:473] Sst files size on disk: 0.0MB
[time 2024-12-31T11:30:48.259117] [level INFO] [thread 22107] [log.cpp:687] Use crc32c as the checksum type of appending entries
[time 2024-12-31T11:30:48.259179] [level WARNING] [thread 22107] [protobuf_file.cpp:91] open file failed, path: /tmp/build/dce06a3d/mono_test_src/runtime/test_data/datafarm0/tx_log/0/log/log_meta: FILE_ERROR_NOT_FOUND
[time 2024-12-31T11:30:48.259210] [level WARNING] [thread 22107] [log.cpp:698] /tmp/build/dce06a3d/mono_test_src/runtime/test_data/datafarm0/tx_log/0/log is empty
[time 2024-12-31T11:30:48.261972] [level INFO] [thread 22107] [log.cpp:1150] log save_meta /tmp/build/dce06a3d/mono_test_src/runtime/test_data/datafarm0/tx_log/0/log/log_meta first_log_index: 1 time: 2724
[time 2024-12-31T11:30:48.262331] [level WARNING] [thread 22107] [protobuf_file.cpp:91] open file failed, path: /tmp/build/dce06a3d/mono_test_src/runtime/test_data/datafarm0/tx_log/0/raft_meta/raft_meta: FILE_ERROR_NOT_FOUND
[time 2024-12-31T11:30:48.262408] [level INFO] [thread 22107] [raft_meta.cpp:521] Loaded single stable meta, path /tmp/build/dce06a3d/mono_test_src/runtime/test_data/datafarm0/tx_log/0/raft_meta term 1 votedfor 0.0.0.0:0:0:0 time: 48
[time 2024-12-31T11:30:48.262446] [level INFO] [thread 22107] [node.cpp:628] node lg0:127.0.0.1:8012:0:0 init, term: 1 last_log_id: (index=0,term=0) conf: 127.0.0.1:8012:0:0 old_conf: 
[time 2024-12-31T11:30:48.262508] [level INFO] [thread 22107] [node.cpp:1691] node lg0:127.0.0.1:8012:0:0 term 1 start vote and grant vote self
[time 2024-12-31T11:30:48.265053] [level INFO] [thread 22107] [raft_meta.cpp:551] Saved single stable meta, path /tmp/build/dce06a3d/mono_test_src/runtime/test_data/datafarm0/tx_log/0/raft_meta term 2 votedfor 127.0.0.1:8012:0:0 time: 2504
[time 2024-12-31T11:30:48.265110] [level INFO] [thread 22107] [node.cpp:1955] node lg0:127.0.0.1:8012:0:0 term 2 become leader of group 127.0.0.1:8012:0:0 
[time 2024-12-31T11:30:48.265973] [level INFO] [thread 22127] [log.cpp:114] Created new segment `/tmp/build/dce06a3d/mono_test_src/runtime/test_data/datafarm0/tx_log/0/log/log_inprogress_00000000000000000001' with fd=83
[time 2024-12-31T11:30:48.268507] [level INFO] [thread 22127] [node.cpp:3353] node lg0:127.0.0.1:8012:0:0 reset ConfigurationCtx, new_peers: 127.0.0.1:8012:0:0, old_peers: 127.0.0.1:8012:0:0
[time 2024-12-31T11:30:48.268574] [level INFO] [thread 22127] [raft_log_instance.h:401] Log node 127.0.0.1:8012 becomes the leader of the log group #0, term: 2, leader lease valid? yes
[time 2024-12-31T11:30:48.268787] [level INFO] [thread 22127] [raft_log_instance.h:421] Start checking replay log size every 10 seconds.
[time 2024-12-31T11:30:48.268822] [level INFO] [thread 22127] [raft_log_instance.h:423] notify_checkpointer_threshold_size: 128 MB
[time 2024-12-31T11:30:48.273691] [level INFO] [thread 22107] [server.cpp:1127] Server[braft::RaftStatImpl+braft::FileServiceImpl+braft::RaftServiceImpl+txlog::RaftLogServiceImpl+braft::CliServiceImpl] is serving on port=8012.
[time 2024-12-31T11:30:48.273732] [level INFO] [thread 22107] [server.cpp:1130] Check out http://bfdb1629-bd90-4fcc-4964-73c07643dac8:8012 in web browser.
[time 2024-12-31T11:30:48.274318] [level INFO] [thread 22107] [log_server.cpp:183] Raft Service is running on 0.0.0.0:8012
[time 2024-12-31T11:30:48.829329] [level INFO] [thread 22107] [local_cc_shards.cpp:177] Data sync work memory usage quote: 157286400
[time 2024-12-31T11:30:48.829656] [level INFO] [thread 22107] [checkpointer.cpp:57] checkpointer init, checkpoint_interval_: 86400 ,ckpt_delay_seconds: 5
[time 2024-12-31T11:30:48.830251] [level INFO] [thread 22107] [sharder.cpp:187] txlog_port = 8012
[time 2024-12-31T11:30:48.838528] [level INFO] [thread 22107] [server.cpp:1127] Server[txservice::remote::CcNodeService] is serving on port=8011.
[time 2024-12-31T11:30:48.838591] [level INFO] [thread 22107] [server.cpp:1130] Check out http://bfdb1629-bd90-4fcc-4964-73c07643dac8:8011 in web browser.
[time 2024-12-31T11:30:48.838665] [level INFO] [thread 22107] [cc_node.cpp:328] CC node 0 becomes the leader of ng#0. Term: 1
[time 2024-12-31T11:30:48.838707] [level INFO] [thread 22107] [cc_node.cpp:456] Skipped log replay for cc node group #0 with the term 1
[time 2024-12-31T11:30:48.838789] [level INFO] [thread 22107] [sharder.cpp:615] ccnode group ng0 updates leader to node_id:0
[time 2024-12-31T11:30:48.838873] [level INFO] [thread 22107] [tx_start_ts_collector.cpp:28] TxStartTsCollector init, interval seconds: 2
[time 2024-12-31T11:30:48.842902] [level INFO] [thread 22107] [server.cpp:1127] Server[txservice::remote::CcStreamReceiver] is serving on port=8010.
[time 2024-12-31T11:30:48.842957] [level INFO] [thread 22107] [server.cpp:1130] Check out http://bfdb1629-bd90-4fcc-4964-73c07643dac8:8010 in web browser.
[time 2024-12-31T11:30:48.847440] [level INFO] [thread 22107] [local_cc_shards.cpp:209] Range Split Worker Num: 1
[time 2024-12-31T11:30:48.854190] [level INFO] [thread 22168] [cc_stream_sender.cpp:800] Establish the cc stream to node 0
[time 2024-12-31T11:30:48.855506] [level INFO] [thread 22168] [cc_stream_sender.cpp:842] Establish the long msg cc stream to node 0
[time 2024-12-31T11:30:49.521337] [level INFO] [thread 22172] [tx_operation.cpp:2221] txn: 4294967296 process acquire_all_intent_op_
[time 2024-12-31T11:30:49.557801] [level INFO] [thread 22172] [tx_operation.cpp:2277] txn: 4294967296 process acquire_all_intent_op_
[time 2024-12-31T11:30:49.557914] [level INFO] [thread 22172] [tx_operation.cpp:2358] txn: 4294967296 process post_all_intent_op_
[time 2024-12-31T11:30:49.570178] [level INFO] [thread 22172] [tx_operation.cpp:2751] txn: 4294967296 process commit_log_op_
[time 2024-12-31T11:30:49.571480] [level INFO] [thread 22172] [tx_operation.cpp:2974] txn: 4294967296 process clean_log_op_
[time 2024-12-31T11:30:49.605764] [level INFO] [thread 22171] [tx_operation.cpp:2221] txn: 0 process acquire_all_intent_op_
[time 2024-12-31T11:30:49.606216] [level INFO] [thread 22171] [tx_operation.cpp:2277] txn: 0 process acquire_all_intent_op_
[time 2024-12-31T11:30:49.606273] [level INFO] [thread 22171] [tx_operation.cpp:2358] txn: 0 process post_all_intent_op_
[time 2024-12-31T11:30:49.636317] [level INFO] [thread 22171] [tx_operation.cpp:2751] txn: 0 process commit_log_op_
[time 2024-12-31T11:30:49.637563] [level INFO] [thread 22171] [tx_operation.cpp:2974] txn: 0 process clean_log_op_
[time 2024-12-31T11:30:49.663576] [level INFO] [thread 22172] [tx_operation.cpp:2221] txn: 4294967298 process acquire_all_intent_op_
[time 2024-12-31T11:30:49.663962] [level INFO] [thread 22172] [tx_operation.cpp:2277] txn: 4294967298 process acquire_all_intent_op_
[time 2024-12-31T11:30:49.664032] [level INFO] [thread 22172] [tx_operation.cpp:2358] txn: 4294967298 process post_all_intent_op_
[time 2024-12-31T11:30:49.669826] [level INFO] [thread 22172] [tx_operation.cpp:2751] txn: 4294967298 process commit_log_op_
[time 2024-12-31T11:30:49.671378] [level INFO] [thread 22172] [tx_operation.cpp:2974] txn: 4294967298 process clean_log_op_
[time 2024-12-31T11:30:49.700868] [level INFO] [thread 22171] [tx_operation.cpp:2221] txn: 3 process acquire_all_intent_op_
[time 2024-12-31T11:30:49.701347] [level INFO] [thread 22171] [tx_operation.cpp:2277] txn: 3 process acquire_all_intent_op_
[time 2024-12-31T11:30:49.701406] [level INFO] [thread 22171] [tx_operation.cpp:2358] txn: 3 process post_all_intent_op_
[time 2024-12-31T11:30:49.722076] [level INFO] [thread 22171] [tx_operation.cpp:2751] txn: 3 process commit_log_op_
[time 2024-12-31T11:30:49.723315] [level INFO] [thread 22171] [tx_operation.cpp:2974] txn: 3 process clean_log_op_
[time 2024-12-31T11:30:49.759474] [level INFO] [thread 22172] [tx_operation.cpp:2221] txn: 4294967303 process acquire_all_intent_op_
[time 2024-12-31T11:30:49.759791] [level INFO] [thread 22172] [tx_operation.cpp:2277] txn: 4294967303 process acquire_all_intent_op_
[time 2024-12-31T11:30:49.759843] [level INFO] [thread 22172] [tx_operation.cpp:2358] txn: 4294967303 process post_all_intent_op_
[time 2024-12-31T11:30:49.766957] [level INFO] [thread 22172] [tx_operation.cpp:2751] txn: 4294967303 process commit_log_op_
[time 2024-12-31T11:30:49.768105] [level INFO] [thread 22172] [tx_operation.cpp:2974] txn: 4294967303 process clean_log_op_
[time 2024-12-31T11:30:49.776724] [level INFO] [thread 22171] [tx_operation.cpp:2221] txn: 8 process acquire_all_intent_op_
[time 2024-12-31T11:30:49.777024] [level INFO] [thread 22171] [tx_operation.cpp:2277] txn: 8 process acquire_all_intent_op_
[time 2024-12-31T11:30:49.777067] [level INFO] [thread 22171] [tx_operation.cpp:2358] txn: 8 process post_all_intent_op_
[time 2024-12-31T11:30:49.777257] [level INFO] [thread 22171] [tx_operation.cpp:2397] txn: 8 process acquire_all_lock_op_
[time 2024-12-31T11:30:49.777377] [level INFO] [thread 22171] [tx_operation.cpp:2751] txn: 8 process commit_log_op_
[time 2024-12-31T11:30:49.777405] [level INFO] [thread 22171] [tx_operation.cpp:2820] txn: 8 process upsert_kv_table_op_
[time 2024-12-31T11:30:49.785195] [level INFO] [thread 22171] [tx_operation.cpp:2519] UpsertTableOp: Clean all ccmap on all node groups, txn: 8
[time 2024-12-31T11:30:49.785247] [level INFO] [thread 22171] [tx_operation.cpp:2525] txn: 8 process clean_ccm_op_
[time 2024-12-31T11:30:49.785423] [level INFO] [thread 22171] [tx_operation.cpp:2878] txn: 8 process post_all_lock_op_
[time 2024-12-31T11:30:49.786022] [level INFO] [thread 22171] [tx_operation.cpp:2974] txn: 8 process clean_log_op_
[time 2024-12-31T11:30:49.810434] [level INFO] [thread 22171] [tx_operation.cpp:2221] txn: 10 process acquire_all_intent_op_
[time 2024-12-31T11:30:49.810736] [level INFO] [thread 22171] [tx_operation.cpp:2277] txn: 10 process acquire_all_intent_op_
[time 2024-12-31T11:30:49.810782] [level INFO] [thread 22171] [tx_operation.cpp:2358] txn: 10 process post_all_intent_op_
[time 2024-12-31T11:30:49.816182] [level INFO] [thread 22171] [tx_operation.cpp:2751] txn: 10 process commit_log_op_
[time 2024-12-31T11:30:49.817646] [level INFO] [thread 22171] [tx_operation.cpp:2974] txn: 10 process clean_log_op_
[time 2024-12-31T11:30:49.828753] [level INFO] [thread 22172] [tx_operation.cpp:2221] txn: 4294967308 process acquire_all_intent_op_
[time 2024-12-31T11:30:49.829020] [level INFO] [thread 22172] [tx_operation.cpp:2277] txn: 4294967308 process acquire_all_intent_op_
[time 2024-12-31T11:30:49.829069] [level INFO] [thread 22172] [tx_operation.cpp:2358] txn: 4294967308 process post_all_intent_op_
[time 2024-12-31T11:30:49.834128] [level INFO] [thread 22172] [tx_operation.cpp:2751] txn: 4294967308 process commit_log_op_
[time 2024-12-31T11:30:49.835240] [level INFO] [thread 22172] [tx_operation.cpp:2974] txn: 4294967308 process clean_log_op_
[time 2024-12-31T11:30:49.851735] [level INFO] [thread 22171] [tx_operation.cpp:2221] txn: 13 process acquire_all_intent_op_
[time 2024-12-31T11:30:49.852044] [level INFO] [thread 22171] [tx_operation.cpp:2277] txn: 13 process acquire_all_intent_op_
[time 2024-12-31T11:30:49.852085] [level INFO] [thread 22171] [tx_operation.cpp:2358] txn: 13 process post_all_intent_op_
[time 2024-12-31T11:30:49.857924] [level INFO] [thread 22171] [tx_operation.cpp:2751] txn: 13 process commit_log_op_
[time 2024-12-31T11:30:49.859463] [level INFO] [thread 22171] [tx_operation.cpp:2974] txn: 13 process clean_log_op_
[time 2024-12-31T11:30:49.869413] [level INFO] [thread 22172] [tx_operation.cpp:2221] txn: 4294967311 process acquire_all_intent_op_
[time 2024-12-31T11:30:49.869693] [level INFO] [thread 22172] [tx_operation.cpp:2277] txn: 4294967311 process acquire_all_intent_op_
[time 2024-12-31T11:30:49.869740] [level INFO] [thread 22172] [tx_operation.cpp:2358] txn: 4294967311 process post_all_intent_op_
[time 2024-12-31T11:30:49.879616] [level INFO] [thread 22172] [tx_operation.cpp:2751] txn: 4294967311 process commit_log_op_
[time 2024-12-31T11:30:49.881286] [level INFO] [thread 22172] [tx_operation.cpp:2974] txn: 4294967311 process clean_log_op_
[time 2024-12-31T11:30:49.888566] [level INFO] [thread 22171] [tx_operation.cpp:2221] txn: 16 process acquire_all_intent_op_
[time 2024-12-31T11:30:49.888855] [level INFO] [thread 22171] [tx_operation.cpp:2277] txn: 16 process acquire_all_intent_op_
[time 2024-12-31T11:30:49.888914] [level INFO] [thread 22171] [tx_operation.cpp:2358] txn: 16 process post_all_intent_op_
[time 2024-12-31T11:30:49.889163] [level INFO] [thread 22171] [tx_operation.cpp:2397] txn: 16 process acquire_all_lock_op_
[time 2024-12-31T11:30:49.889344] [level INFO] [thread 22171] [tx_operation.cpp:2751] txn: 16 process commit_log_op_
[time 2024-12-31T11:30:49.889385] [level INFO] [thread 22171] [tx_operation.cpp:2820] txn: 16 process upsert_kv_table_op_
[time 2024-12-31T11:30:49.915803] [level INFO] [thread 22171] [tx_operation.cpp:2519] UpsertTableOp: Clean all ccmap on all node groups, txn: 16
[time 2024-12-31T11:30:49.915882] [level INFO] [thread 22171] [tx_operation.cpp:2525] txn: 16 process clean_ccm_op_
[time 2024-12-31T11:30:49.916129] [level INFO] [thread 22171] [tx_operation.cpp:2878] txn: 16 process post_all_lock_op_
[time 2024-12-31T11:30:49.916882] [level INFO] [thread 22171] [tx_operation.cpp:2974] txn: 16 process clean_log_op_
[time 2024-12-31T11:30:49.933863] [level INFO] [thread 22172] [tx_operation.cpp:2221] txn: 4294967313 process acquire_all_intent_op_
[time 2024-12-31T11:30:49.934249] [level INFO] [thread 22172] [tx_operation.cpp:2277] txn: 4294967313 process acquire_all_intent_op_
[time 2024-12-31T11:30:49.934314] [level INFO] [thread 22172] [tx_operation.cpp:2358] txn: 4294967313 process post_all_intent_op_
[time 2024-12-31T11:30:49.942262] [level INFO] [thread 22172] [tx_operation.cpp:2751] txn: 4294967313 process commit_log_op_
[time 2024-12-31T11:30:49.943537] [level INFO] [thread 22172] [tx_operation.cpp:2974] txn: 4294967313 process clean_log_op_
[time 2024-12-31T11:30:49.966688] [level INFO] [thread 22171] [tx_operation.cpp:2221] txn: 18 process acquire_all_intent_op_
[time 2024-12-31T11:30:49.967060] [level INFO] [thread 22171] [tx_operation.cpp:2277] txn: 18 process acquire_all_intent_op_
[time 2024-12-31T11:30:49.967115] [level INFO] [thread 22171] [tx_operation.cpp:2358] txn: 18 process post_all_intent_op_
[time 2024-12-31T11:30:49.976464] [level INFO] [thread 22171] [tx_operation.cpp:2751] txn: 18 process commit_log_op_
[time 2024-12-31T11:30:49.978006] [level INFO] [thread 22171] [tx_operation.cpp:2974] txn: 18 process clean_log_op_
[time 2024-12-31T11:30:49.992894] [level INFO] [thread 22172] [tx_operation.cpp:2221] txn: 4294967316 process acquire_all_intent_op_
[time 2024-12-31T11:30:49.993161] [level INFO] [thread 22172] [tx_operation.cpp:2277] txn: 4294967316 process acquire_all_intent_op_
[time 2024-12-31T11:30:49.993207] [level INFO] [thread 22172] [tx_operation.cpp:2358] txn: 4294967316 process post_all_intent_op_
[time 2024-12-31T11:30:50.013402] [level INFO] [thread 22172] [tx_operation.cpp:2751] txn: 4294967316 process commit_log_op_
[time 2024-12-31T11:30:50.015131] [level INFO] [thread 22172] [tx_operation.cpp:2974] txn: 4294967316 process clean_log_op_
[time 2024-12-31T11:30:50.030258] [level INFO] [thread 22171] [tx_operation.cpp:2221] txn: 21 process acquire_all_intent_op_
[time 2024-12-31T11:30:50.030624] [level INFO] [thread 22171] [tx_operation.cpp:2277] txn: 21 process acquire_all_intent_op_
[time 2024-12-31T11:30:50.030681] [level INFO] [thread 22171] [tx_operation.cpp:2358] txn: 21 process post_all_intent_op_
[time 2024-12-31T11:30:50.037130] [level INFO] [thread 22171] [tx_operation.cpp:2751] txn: 21 process commit_log_op_
[time 2024-12-31T11:30:50.038792] [level INFO] [thread 22171] [tx_operation.cpp:2974] txn: 21 process clean_log_op_
[time 2024-12-31T11:30:50.047875] [level INFO] [thread 22172] [tx_operation.cpp:2221] txn: 4294967319 process acquire_all_intent_op_
[time 2024-12-31T11:30:50.048125] [level INFO] [thread 22172] [tx_operation.cpp:2277] txn: 4294967319 process acquire_all_intent_op_
[time 2024-12-31T11:30:50.048175] [level INFO] [thread 22172] [tx_operation.cpp:2358] txn: 4294967319 process post_all_intent_op_
[time 2024-12-31T11:30:50.054657] [level INFO] [thread 22172] [tx_operation.cpp:2751] txn: 4294967319 process commit_log_op_
[time 2024-12-31T11:30:50.056447] [level INFO] [thread 22172] [tx_operation.cpp:2974] txn: 4294967319 process clean_log_op_
[time 2024-12-31T11:30:50.063637] [level INFO] [thread 22171] [tx_operation.cpp:2221] txn: 24 process acquire_all_intent_op_
[time 2024-12-31T11:30:50.063931] [level INFO] [thread 22171] [tx_operation.cpp:2277] txn: 24 process acquire_all_intent_op_
[time 2024-12-31T11:30:50.063984] [level INFO] [thread 22171] [tx_operation.cpp:2358] txn: 24 process post_all_intent_op_
[time 2024-12-31T11:30:50.068154] [level INFO] [thread 22171] [tx_operation.cpp:2751] txn: 24 process commit_log_op_
[time 2024-12-31T11:30:50.069222] [level INFO] [thread 22171] [tx_operation.cpp:2974] txn: 24 process clean_log_op_
[time 2024-12-31T11:30:50.084448] [level INFO] [thread 22172] [tx_operation.cpp:2221] txn: 4294967322 process acquire_all_intent_op_
[time 2024-12-31T11:30:50.084718] [level INFO] [thread 22172] [tx_operation.cpp:2277] txn: 4294967322 process acquire_all_intent_op_
[time 2024-12-31T11:30:50.084774] [level INFO] [thread 22172] [tx_operation.cpp:2358] txn: 4294967322 process post_all_intent_op_
[time 2024-12-31T11:30:50.088670] [level INFO] [thread 22172] [tx_operation.cpp:2751] txn: 4294967322 process commit_log_op_
[time 2024-12-31T11:30:50.089685] [level INFO] [thread 22172] [tx_operation.cpp:2974] txn: 4294967322 process clean_log_op_
[time 2024-12-31T11:30:50.097240] [level INFO] [thread 22171] [tx_operation.cpp:2221] txn: 27 process acquire_all_intent_op_
[time 2024-12-31T11:30:50.097509] [level INFO] [thread 22171] [tx_operation.cpp:2277] txn: 27 process acquire_all_intent_op_
[time 2024-12-31T11:30:50.097559] [level INFO] [thread 22171] [tx_operation.cpp:2358] txn: 27 process post_all_intent_op_
[time 2024-12-31T11:30:50.102293] [level INFO] [thread 22171] [tx_operation.cpp:2751] txn: 27 process commit_log_op_
[time 2024-12-31T11:30:50.103300] [level INFO] [thread 22171] [tx_operation.cpp:2974] txn: 27 process clean_log_op_
[time 2024-12-31T11:30:50.110872] [level INFO] [thread 22172] [tx_operation.cpp:2221] txn: 4294967325 process acquire_all_intent_op_
[time 2024-12-31T11:30:50.111102] [level INFO] [thread 22172] [tx_operation.cpp:2277] txn: 4294967325 process acquire_all_intent_op_
[time 2024-12-31T11:30:50.111150] [level INFO] [thread 22172] [tx_operation.cpp:2358] txn: 4294967325 process post_all_intent_op_
[time 2024-12-31T11:30:50.115715] [level INFO] [thread 22172] [tx_operation.cpp:2751] txn: 4294967325 process commit_log_op_
[time 2024-12-31T11:30:50.116726] [level INFO] [thread 22172] [tx_operation.cpp:2974] txn: 4294967325 process clean_log_op_
[time 2024-12-31T11:30:50.123422] [level INFO] [thread 22171] [tx_operation.cpp:2221] txn: 30 process acquire_all_intent_op_
[time 2024-12-31T11:30:50.123679] [level INFO] [thread 22171] [tx_operation.cpp:2277] txn: 30 process acquire_all_intent_op_
[time 2024-12-31T11:30:50.123728] [level INFO] [thread 22171] [tx_operation.cpp:2358] txn: 30 process post_all_intent_op_
[time 2024-12-31T11:30:50.127213] [level INFO] [thread 22171] [tx_operation.cpp:2751] txn: 30 process commit_log_op_
[time 2024-12-31T11:30:50.128293] [level INFO] [thread 22171] [tx_operation.cpp:2974] txn: 30 process clean_log_op_
[time 2024-12-31T11:30:50.136713] [level INFO] [thread 22172] [tx_operation.cpp:2221] txn: 4294967328 process acquire_all_intent_op_
[time 2024-12-31T11:30:50.136955] [level INFO] [thread 22172] [tx_operation.cpp:2277] txn: 4294967328 process acquire_all_intent_op_
[time 2024-12-31T11:30:50.137004] [level INFO] [thread 22172] [tx_operation.cpp:2358] txn: 4294967328 process post_all_intent_op_
[time 2024-12-31T11:30:50.142349] [level INFO] [thread 22172] [tx_operation.cpp:2751] txn: 4294967328 process commit_log_op_
[time 2024-12-31T11:30:50.143405] [level INFO] [thread 22172] [tx_operation.cpp:2974] txn: 4294967328 process clean_log_op_
[time 2024-12-31T11:30:50.152068] [level INFO] [thread 22171] [tx_operation.cpp:2221] txn: 33 process acquire_all_intent_op_
[time 2024-12-31T11:30:50.152329] [level INFO] [thread 22171] [tx_operation.cpp:2277] txn: 33 process acquire_all_intent_op_
[time 2024-12-31T11:30:50.152387] [level INFO] [thread 22171] [tx_operation.cpp:2358] txn: 33 process post_all_intent_op_
[time 2024-12-31T11:30:50.159461] [level INFO] [thread 22171] [tx_operation.cpp:2751] txn: 33 process commit_log_op_
[time 2024-12-31T11:30:50.160637] [level INFO] [thread 22171] [tx_operation.cpp:2974] txn: 33 process clean_log_op_
[time 2024-12-31T11:30:50.180433] [level INFO] [thread 22172] [tx_operation.cpp:2221] txn: 4294967331 process acquire_all_intent_op_
[time 2024-12-31T11:30:50.180716] [level INFO] [thread 22172] [tx_operation.cpp:2277] txn: 4294967331 process acquire_all_intent_op_
[time 2024-12-31T11:30:50.180771] [level INFO] [thread 22172] [tx_operation.cpp:2358] txn: 4294967331 process post_all_intent_op_
[time 2024-12-31T11:30:50.185505] [level INFO] [thread 22172] [tx_operation.cpp:2751] txn: 4294967331 process commit_log_op_
[time 2024-12-31T11:30:50.186482] [level INFO] [thread 22172] [tx_operation.cpp:2974] txn: 4294967331 process clean_log_op_
[time 2024-12-31T11:30:50.205179] [level INFO] [thread 22171] [tx_operation.cpp:2221] txn: 36 process acquire_all_intent_op_
[time 2024-12-31T11:30:50.205511] [level INFO] [thread 22171] [tx_operation.cpp:2277] txn: 36 process acquire_all_intent_op_
[time 2024-12-31T11:30:50.205565] [level INFO] [thread 22171] [tx_operation.cpp:2358] txn: 36 process post_all_intent_op_
[time 2024-12-31T11:30:50.211464] [level INFO] [thread 22171] [tx_operation.cpp:2751] txn: 36 process commit_log_op_
[time 2024-12-31T11:30:50.212716] [level INFO] [thread 22171] [tx_operation.cpp:2974] txn: 36 process clean_log_op_
[time 2024-12-31T11:30:50.221206] [level INFO] [thread 22172] [tx_operation.cpp:2221] txn: 4294967334 process acquire_all_intent_op_
[time 2024-12-31T11:30:50.221441] [level INFO] [thread 22172] [tx_operation.cpp:2277] txn: 4294967334 process acquire_all_intent_op_
[time 2024-12-31T11:30:50.221496] [level INFO] [thread 22172] [tx_operation.cpp:2358] txn: 4294967334 process post_all_intent_op_
[time 2024-12-31T11:30:50.227510] [level INFO] [thread 22172] [tx_operation.cpp:2751] txn: 4294967334 process commit_log_op_
[time 2024-12-31T11:30:50.228837] [level INFO] [thread 22172] [tx_operation.cpp:2974] txn: 4294967334 process clean_log_op_
[time 2024-12-31T11:30:50.235714] [level INFO] [thread 22171] [tx_operation.cpp:2221] txn: 39 process acquire_all_intent_op_
[time 2024-12-31T11:30:50.235936] [level INFO] [thread 22171] [tx_operation.cpp:2277] txn: 39 process acquire_all_intent_op_
[time 2024-12-31T11:30:50.235987] [level INFO] [thread 22171] [tx_operation.cpp:2358] txn: 39 process post_all_intent_op_
[time 2024-12-31T11:30:50.236187] [level INFO] [thread 22171] [tx_operation.cpp:2397] txn: 39 process acquire_all_lock_op_
[time 2024-12-31T11:30:50.236351] [level INFO] [thread 22171] [tx_operation.cpp:2751] txn: 39 process commit_log_op_
[time 2024-12-31T11:30:50.236392] [level INFO] [thread 22171] [tx_operation.cpp:2820] txn: 39 process upsert_kv_table_op_
[time 2024-12-31T11:30:50.243959] [level INFO] [thread 22171] [tx_operation.cpp:2519] UpsertTableOp: Clean all ccmap on all node groups, txn: 39
[time 2024-12-31T11:30:50.244000] [level INFO] [thread 22171] [tx_operation.cpp:2525] txn: 39 process clean_ccm_op_
[time 2024-12-31T11:30:50.244177] [level INFO] [thread 22171] [tx_operation.cpp:2878] txn: 39 process post_all_lock_op_
[time 2024-12-31T11:30:50.244735] [level INFO] [thread 22171] [tx_operation.cpp:2974] txn: 39 process clean_log_op_
[time 2024-12-31T11:30:50.254570] [level INFO] [thread 22172] [tx_operation.cpp:2221] txn: 4294967336 process acquire_all_intent_op_
[time 2024-12-31T11:30:50.254817] [level INFO] [thread 22172] [tx_operation.cpp:2277] txn: 4294967336 process acquire_all_intent_op_
[time 2024-12-31T11:30:50.254868] [level INFO] [thread 22172] [tx_operation.cpp:2358] txn: 4294967336 process post_all_intent_op_
[time 2024-12-31T11:30:50.259470] [level INFO] [thread 22172] [tx_operation.cpp:2751] txn: 4294967336 process commit_log_op_
[time 2024-12-31T11:30:50.260545] [level INFO] [thread 22172] [tx_operation.cpp:2974] txn: 4294967336 process clean_log_op_
[time 2024-12-31T11:30:50.267848] [level INFO] [thread 22171] [tx_operation.cpp:2221] txn: 41 process acquire_all_intent_op_
[time 2024-12-31T11:30:50.268179] [level INFO] [thread 22171] [tx_operation.cpp:2277] txn: 41 process acquire_all_intent_op_
[time 2024-12-31T11:30:50.268229] [level INFO] [thread 22171] [tx_operation.cpp:2358] txn: 41 process post_all_intent_op_
[time 2024-12-31T11:30:50.274150] [level INFO] [thread 22171] [tx_operation.cpp:2751] txn: 41 process commit_log_op_
[time 2024-12-31T11:30:50.275135] [level INFO] [thread 22171] [tx_operation.cpp:2974] txn: 41 process clean_log_op_
[time 2024-12-31T11:30:50.286495] [level INFO] [thread 22172] [tx_operation.cpp:2221] txn: 4294967339 process acquire_all_intent_op_
[time 2024-12-31T11:30:50.286759] [level INFO] [thread 22172] [tx_operation.cpp:2277] txn: 4294967339 process acquire_all_intent_op_
[time 2024-12-31T11:30:50.286813] [level INFO] [thread 22172] [tx_operation.cpp:2358] txn: 4294967339 process post_all_intent_op_
[time 2024-12-31T11:30:50.319018] [level INFO] [thread 22172] [tx_operation.cpp:2751] txn: 4294967339 process commit_log_op_
[time 2024-12-31T11:30:50.331506] [level INFO] [thread 22172] [tx_operation.cpp:2974] txn: 4294967339 process clean_log_op_
[time 2024-12-31T11:30:50.802160] [level INFO] [thread 22172] [tx_operation.cpp:2221] txn: 4294967346 process acquire_all_intent_op_
[time 2024-12-31T11:30:50.802439] [level INFO] [thread 22172] [tx_operation.cpp:2277] txn: 4294967346 process acquire_all_intent_op_
[time 2024-12-31T11:30:50.802495] [level INFO] [thread 22172] [tx_operation.cpp:2358] txn: 4294967346 process post_all_intent_op_
[time 2024-12-31T11:30:50.806252] [level INFO] [thread 22172] [tx_operation.cpp:2751] txn: 4294967346 process commit_log_op_
[time 2024-12-31T11:30:50.807497] [level INFO] [thread 22172] [tx_operation.cpp:2974] txn: 4294967346 process clean_log_op_
[time 2024-12-31T11:30:50.812822] [level INFO] [thread 22171] [tx_operation.cpp:2221] txn: 50 process acquire_all_intent_op_
[time 2024-12-31T11:30:50.813077] [level INFO] [thread 22171] [tx_operation.cpp:2277] txn: 50 process acquire_all_intent_op_
[time 2024-12-31T11:30:50.813129] [level INFO] [thread 22171] [tx_operation.cpp:2358] txn: 50 process post_all_intent_op_
[time 2024-12-31T11:30:50.816848] [level INFO] [thread 22171] [tx_operation.cpp:2751] txn: 50 process commit_log_op_
[time 2024-12-31T11:30:50.817919] [level INFO] [thread 22171] [tx_operation.cpp:2974] txn: 50 process clean_log_op_
[time 2024-12-31T11:30:50.857681] [level INFO] [thread 22172] [tx_operation.cpp:2221] txn: 4294967351 process acquire_all_intent_op_
[time 2024-12-31T11:30:50.858035] [level INFO] [thread 22172] [tx_operation.cpp:2277] txn: 4294967351 process acquire_all_intent_op_
[time 2024-12-31T11:30:50.858099] [level INFO] [thread 22172] [tx_operation.cpp:2358] txn: 4294967351 process post_all_intent_op_
[time 2024-12-31T11:30:50.858345] [level INFO] [thread 22172] [tx_operation.cpp:2397] txn: 4294967351 process acquire_all_lock_op_
[time 2024-12-31T11:30:50.858498] [level INFO] [thread 22172] [tx_operation.cpp:2751] txn: 4294967351 process commit_log_op_
[time 2024-12-31T11:30:50.858539] [level INFO] [thread 22172] [tx_operation.cpp:2820] txn: 4294967351 process upsert_kv_table_op_
[time 2024-12-31T11:30:50.864084] [level INFO] [thread 22172] [tx_operation.cpp:2519] UpsertTableOp: Clean all ccmap on all node groups, txn: 4294967351
[time 2024-12-31T11:30:50.864116] [level INFO] [thread 22172] [tx_operation.cpp:2525] txn: 4294967351 process clean_ccm_op_
[time 2024-12-31T11:30:50.864256] [level INFO] [thread 22172] [tx_operation.cpp:2878] txn: 4294967351 process post_all_lock_op_
[time 2024-12-31T11:30:50.864737] [level INFO] [thread 22172] [tx_operation.cpp:2974] txn: 4294967351 process clean_log_op_
[time 2024-12-31T11:30:50.865492] [level INFO] [thread 22171] [tx_operation.cpp:2221] txn: 55 process acquire_all_intent_op_
[time 2024-12-31T11:30:50.865689] [level INFO] [thread 22171] [tx_operation.cpp:2277] txn: 55 process acquire_all_intent_op_
[time 2024-12-31T11:30:50.865743] [level INFO] [thread 22171] [tx_operation.cpp:2358] txn: 55 process post_all_intent_op_
[time 2024-12-31T11:30:50.865990] [level INFO] [thread 22171] [tx_operation.cpp:2397] txn: 55 process acquire_all_lock_op_
[time 2024-12-31T11:30:50.866128] [level INFO] [thread 22171] [tx_operation.cpp:2751] txn: 55 process commit_log_op_
[time 2024-12-31T11:30:50.866166] [level INFO] [thread 22171] [tx_operation.cpp:2820] txn: 55 process upsert_kv_table_op_
[time 2024-12-31T11:30:50.872972] [level INFO] [thread 22171] [tx_operation.cpp:2519] UpsertTableOp: Clean all ccmap on all node groups, txn: 55
[time 2024-12-31T11:30:50.873005] [level INFO] [thread 22171] [tx_operation.cpp:2525] txn: 55 process clean_ccm_op_
[time 2024-12-31T11:30:50.873147] [level INFO] [thread 22171] [tx_operation.cpp:2878] txn: 55 process post_all_lock_op_
[time 2024-12-31T11:30:50.873610] [level INFO] [thread 22171] [tx_operation.cpp:2974] txn: 55 process clean_log_op_
[time 2024-12-31T11:30:50.879184] [level INFO] [thread 22172] [tx_operation.cpp:2221] txn: 4294967352 process acquire_all_intent_op_
[time 2024-12-31T11:30:50.879402] [level INFO] [thread 22172] [tx_operation.cpp:2277] txn: 4294967352 process acquire_all_intent_op_
[time 2024-12-31T11:30:50.879447] [level INFO] [thread 22172] [tx_operation.cpp:2358] txn: 4294967352 process post_all_intent_op_
[time 2024-12-31T11:30:50.885071] [level INFO] [thread 22172] [tx_operation.cpp:2751] txn: 4294967352 process commit_log_op_
[time 2024-12-31T11:30:50.886387] [level INFO] [thread 22172] [tx_operation.cpp:2974] txn: 4294967352 process clean_log_op_
[time 2024-12-31T11:30:50.893149] [level INFO] [thread 22171] [tx_operation.cpp:2221] txn: 57 process acquire_all_intent_op_
[time 2024-12-31T11:30:50.893368] [level INFO] [thread 22171] [tx_operation.cpp:2277] txn: 57 process acquire_all_intent_op_
[time 2024-12-31T11:30:50.893412] [level INFO] [thread 22171] [tx_operation.cpp:2358] txn: 57 process post_all_intent_op_
[time 2024-12-31T11:30:50.893627] [level INFO] [thread 22171] [tx_operation.cpp:2397] txn: 57 process acquire_all_lock_op_
[time 2024-12-31T11:30:50.893764] [level INFO] [thread 22171] [tx_operation.cpp:2751] txn: 57 process commit_log_op_
[time 2024-12-31T11:30:50.893801] [level INFO] [thread 22171] [tx_operation.cpp:2820] txn: 57 process upsert_kv_table_op_
[time 2024-12-31T11:30:50.903707] [level INFO] [thread 22171] [tx_operation.cpp:2519] UpsertTableOp: Clean all ccmap on all node groups, txn: 57
[time 2024-12-31T11:30:50.903749] [level INFO] [thread 22171] [tx_operation.cpp:2525] txn: 57 process clean_ccm_op_
[time 2024-12-31T11:30:50.903925] [level INFO] [thread 22171] [tx_operation.cpp:2878] txn: 57 process post_all_lock_op_
[time 2024-12-31T11:30:50.904497] [level INFO] [thread 22171] [tx_operation.cpp:2974] txn: 57 process clean_log_op_
[time 2024-12-31T11:30:52.881305] [level INFO] [thread 22172] [tx_operation.cpp:2221] txn: 4294967775 process acquire_all_intent_op_
[time 2024-12-31T11:30:52.881620] [level INFO] [thread 22172] [tx_operation.cpp:2277] txn: 4294967775 process acquire_all_intent_op_
[time 2024-12-31T11:30:52.881692] [level INFO] [thread 22172] [tx_operation.cpp:2358] txn: 4294967775 process post_all_intent_op_
[time 2024-12-31T11:30:52.889528] [level INFO] [thread 22172] [tx_operation.cpp:2751] txn: 4294967775 process commit_log_op_
[time 2024-12-31T11:30:52.891167] [level INFO] [thread 22172] [tx_operation.cpp:2974] txn: 4294967775 process clean_log_op_
[time 2024-12-31T11:30:55.615877] [level INFO] [thread 22171] [tx_operation.cpp:2221] txn: 755 process acquire_all_intent_op_
[time 2024-12-31T11:30:55.616339] [level INFO] [thread 22171] [tx_operation.cpp:2277] txn: 755 process acquire_all_intent_op_
[time 2024-12-31T11:30:55.616407] [level INFO] [thread 22171] [tx_operation.cpp:2358] txn: 755 process post_all_intent_op_
[time 2024-12-31T11:30:55.632516] [level INFO] [thread 22171] [tx_operation.cpp:2751] txn: 755 process commit_log_op_
[time 2024-12-31T11:30:55.634960] [level INFO] [thread 22171] [tx_operation.cpp:2974] txn: 755 process clean_log_op_
[time 2024-12-31T11:30:55.674427] [level INFO] [thread 22171] [tx_operation.cpp:2221] txn: 757 process acquire_all_intent_op_
[time 2024-12-31T11:30:55.674827] [level INFO] [thread 22171] [tx_operation.cpp:2277] txn: 757 process acquire_all_intent_op_
[time 2024-12-31T11:30:55.674893] [level INFO] [thread 22171] [tx_operation.cpp:2358] txn: 757 process post_all_intent_op_
[time 2024-12-31T11:30:55.675187] [level INFO] [thread 22171] [tx_operation.cpp:2397] txn: 757 process acquire_all_lock_op_
[time 2024-12-31T11:30:55.675426] [level INFO] [thread 22171] [tx_operation.cpp:2751] txn: 757 process commit_log_op_
[time 2024-12-31T11:30:55.675473] [level INFO] [thread 22171] [tx_operation.cpp:2820] txn: 757 process upsert_kv_table_op_
[time 2024-12-31T11:30:55.702788] [level INFO] [thread 22171] [tx_operation.cpp:2519] UpsertTableOp: Clean all ccmap on all node groups, txn: 757
[time 2024-12-31T11:30:55.702872] [level INFO] [thread 22171] [tx_operation.cpp:2525] txn: 757 process clean_ccm_op_
[time 2024-12-31T11:30:55.704589] [level INFO] [thread 22171] [tx_operation.cpp:2878] txn: 757 process post_all_lock_op_
[time 2024-12-31T11:30:55.705521] [level INFO] [thread 22171] [tx_operation.cpp:2974] txn: 757 process clean_log_op_
[time 2024-12-31T11:30:55.713641] [level INFO] [thread 22172] [tx_operation.cpp:2221] txn: 4294968054 process acquire_all_intent_op_
[time 2024-12-31T11:30:55.713973] [level INFO] [thread 22172] [tx_operation.cpp:2277] txn: 4294968054 process acquire_all_intent_op_
[time 2024-12-31T11:30:55.714031] [level INFO] [thread 22172] [tx_operation.cpp:2358] txn: 4294968054 process post_all_intent_op_
[time 2024-12-31T11:30:55.717530] [level INFO] [thread 22172] [tx_operation.cpp:2751] txn: 4294968054 process commit_log_op_
[time 2024-12-31T11:30:55.718814] [level INFO] [thread 22172] [tx_operation.cpp:2974] txn: 4294968054 process clean_log_op_
[time 2024-12-31T11:30:55.726755] [level INFO] [thread 22172] [tx_operation.cpp:2221] txn: 4294968056 process acquire_all_intent_op_
[time 2024-12-31T11:30:55.727015] [level INFO] [thread 22172] [tx_operation.cpp:2277] txn: 4294968056 process acquire_all_intent_op_
[time 2024-12-31T11:30:55.727063] [level INFO] [thread 22172] [tx_operation.cpp:2358] txn: 4294968056 process post_all_intent_op_
[time 2024-12-31T11:30:55.727327] [level INFO] [thread 22172] [tx_operation.cpp:2397] txn: 4294968056 process acquire_all_lock_op_
[time 2024-12-31T11:30:55.727481] [level INFO] [thread 22172] [tx_operation.cpp:2751] txn: 4294968056 process commit_log_op_
[time 2024-12-31T11:30:55.727515] [level INFO] [thread 22172] [tx_operation.cpp:2820] txn: 4294968056 process upsert_kv_table_op_
[time 2024-12-31T11:30:55.733434] [level INFO] [thread 22172] [tx_operation.cpp:2519] UpsertTableOp: Clean all ccmap on all node groups, txn: 4294968056
[time 2024-12-31T11:30:55.733494] [level INFO] [thread 22172] [tx_operation.cpp:2525] txn: 4294968056 process clean_ccm_op_
[time 2024-12-31T11:30:55.733695] [level INFO] [thread 22172] [tx_operation.cpp:2878] txn: 4294968056 process post_all_lock_op_
[time 2024-12-31T11:30:55.734323] [level INFO] [thread 22172] [tx_operation.cpp:2974] txn: 4294968056 process clean_log_op_
[time 2024-12-31T11:30:56.022590] [level INFO] [thread 22164] [cc_request.h:2627] ccs 0 memory usage report, committed 0, allocated 0, frag ratio -nan , heap full: 0
[time 2024-12-31T11:30:56.022696] [level INFO] [thread 22164] [cc_request.h:2627] ccs 1 memory usage report, committed 0, allocated 0, frag ratio -nan , heap full: 0
[time 2024-12-31T11:30:56.022727] [level INFO] [thread 22164] [local_cc_shards.h:452] Table range memory report: allocated 0, committed 0, full: 0
[time 2024-12-31T11:30:56.022776] [level INFO] [thread 22164] [checkpointer.cpp:217] Begin checkpoint with timestamp: 1735644656021117. The memory usage of node is: 0 KB.
[time 2024-12-31T11:30:56.088148] [level INFO] [thread 22176] [local_cc_shards.cpp:4121] Splitting table ./mysql/help_topic range 776 into 16 ranges. New range ids 777,778,779,780,781,782,783,784,785,786,787,788,789,790,791, txn: 765
[time 2024-12-31T11:30:56.088928] [level INFO] [thread 22176] [local_cc_shards.cpp:4139] Begin to do range split flush, range_id:776, new range count:15, data size:735
[time 2024-12-31T11:30:56.089295] [level INFO] [thread 22171] [tx_operation.cpp:3871] Split Flush transaction prepare acquire all, range id 776, txn: 765
[time 2024-12-31T11:30:56.089586] [level INFO] [thread 22171] [tx_operation.cpp:3921] Split Flush transaction write prepare log, range id 776, txn: 765
[time 2024-12-31T11:30:56.089679] [level INFO] [thread 22171] [tx_operation.cpp:3982] Split Flush transaction install dirty range, range id 776, txn: 765
[time 2024-12-31T11:30:56.091329] [level INFO] [thread 22171] [tx_operation.cpp:4017] Split Flush transaction unlock cluster config, range id 776, txn: 765
[time 2024-12-31T11:30:56.091423] [level INFO] [thread 22171] [tx_operation.cpp:4984] Split Flush transaction data sync scan, range id 776, txn: 765
[time 2024-12-31T11:30:56.100257] [level INFO] [thread 22165] [tx_operation.cpp:4551] Begin send range slices and data, old_range_id:776
[time 2024-12-31T11:30:56.100313] [level INFO] [thread 22165] [tx_operation.cpp:4586] The new range 777 and old range 776 are on same node group#0, skip it.
[time 2024-12-31T11:30:56.100332] [level INFO] [thread 22165] [tx_operation.cpp:4586] The new range 778 and old range 776 are on same node group#0, skip it.
[time 2024-12-31T11:30:56.100348] [level INFO] [thread 22165] [tx_operation.cpp:4586] The new range 779 and old range 776 are on same node group#0, skip it.
[time 2024-12-31T11:30:56.100363] [level INFO] [thread 22165] [tx_operation.cpp:4586] The new range 780 and old range 776 are on same node group#0, skip it.
[time 2024-12-31T11:30:56.100378] [level INFO] [thread 22165] [tx_operation.cpp:4586] The new range 781 and old range 776 are on same node group#0, skip it.
[time 2024-12-31T11:30:56.100394] [level INFO] [thread 22165] [tx_operation.cpp:4586] The new range 782 and old range 776 are on same node group#0, skip it.
[time 2024-12-31T11:30:56.100409] [level INFO] [thread 22165] [tx_operation.cpp:4586] The new range 783 and old range 776 are on same node group#0, skip it.
[time 2024-12-31T11:30:56.100423] [level INFO] [thread 22165] [tx_operation.cpp:4586] The new range 784 and old range 776 are on same node group#0, skip it.
[time 2024-12-31T11:30:56.100438] [level INFO] [thread 22165] [tx_operation.cpp:4586] The new range 785 and old range 776 are on same node group#0, skip it.
[time 2024-12-31T11:30:56.100453] [level INFO] [thread 22165] [tx_operation.cpp:4586] The new range 786 and old range 776 are on same node group#0, skip it.
[time 2024-12-31T11:30:56.100468] [level INFO] [thread 22165] [tx_operation.cpp:4586] The new range 787 and old range 776 are on same node group#0, skip it.
[time 2024-12-31T11:30:56.100488] [level INFO] [thread 22165] [tx_operation.cpp:4586] The new range 788 and old range 776 are on same node group#0, skip it.
[time 2024-12-31T11:30:56.100502] [level INFO] [thread 22165] [tx_operation.cpp:4586] The new range 789 and old range 776 are on same node group#0, skip it.
[time 2024-12-31T11:30:56.100517] [level INFO] [thread 22165] [tx_operation.cpp:4586] The new range 790 and old range 776 are on same node group#0, skip it.
[time 2024-12-31T11:30:56.100530] [level INFO] [thread 22165] [tx_operation.cpp:4586] The new range 791 and old range 776 are on same node group#0, skip it.
[time 2024-12-31T11:30:56.100561] [level INFO] [thread 22171] [tx_operation.cpp:5027] Split Flush transaction flush data, range id 776, txn: 765
[time 2024-12-31T11:30:56.559872] [level INFO] [thread 22171] [tx_operation.cpp:5057] Split Flush transaction lock cluster config, range id776, txn: 765
[time 2024-12-31T11:30:56.560146] [level INFO] [thread 22171] [tx_operation.cpp:3879] Split Flush transaction commit acqurie all, range id 776, txn: 765
[time 2024-12-31T11:30:56.560565] [level INFO] [thread 22171] [tx_operation.cpp:5340] Split Flush transaction update ckpt ts, range id 776, txn: 765
[time 2024-12-31T11:30:56.570570] [level INFO] [thread 22171] [tx_operation.cpp:5356] Split Flush transaction write commit log, range id 776, txn: 765
[time 2024-12-31T11:30:56.570878] [level INFO] [thread 22171] [tx_operation.cpp:5418] Split Flush transaction upsert new range spec, range id 776, txn: 765
[time 2024-12-31T11:30:56.590953] [level INFO] [thread 22171] [tx_operation.cpp:5450] Split Flush transaction post all lock, range id 776, txn: 765
[time 2024-12-31T11:30:56.594236] [level INFO] [thread 22171] [tx_operation.cpp:5553] Split Flush transaction unlock cluster config, range id 776, txn: 765
[time 2024-12-31T11:30:56.594394] [level INFO] [thread 22171] [tx_operation.cpp:4075] Split Flush transaction clean old range data in kv store, range id 776, txn: 765
[time 2024-12-31T11:30:56.602114] [level INFO] [thread 22171] [tx_operation.cpp:5578] Split Flush transaction write clean log, range id 776, txn: 765
[time 2024-12-31T11:30:56.605885] [level INFO] [thread 22176] [data_sync_task.cpp:36] Checkpoint of node group #0 succeeded with timestamp: 1735644656021117
[time 2024-12-31T11:30:56.606024] [level INFO] [thread 22176] [local_cc_shards.cpp:4185] Split range on table ./mysql/help_topic partition 776 succeeded.
[time 2024-12-31T11:30:56.606067] [level INFO] [thread 22164] [checkpointer.cpp:351] Checkpoint of node group #0 succeeded with timestamp: 1735644656021117
[time 2024-12-31T11:30:56.624450] [level INFO] [thread 22107] [sharder.cpp:44] Shutting down the sharder at node #0
[time 2024-12-31T11:30:56.624776] [level INFO] [thread 22107] [server.cpp:1187] Server[txservice::remote::CcStreamReceiver] is going to quit
[time 2024-12-31T11:30:56.625159] [level INFO] [thread 22167] [log_replay_service.cpp:79] replay service notify thread quits
[time 2024-12-31T11:30:56.625311] [level INFO] [thread 22107] [server.cpp:1187] Server[txservice::remote::CcNodeService] is going to quit
[time 2024-12-31T11:30:56.625921] [level INFO] [thread 22107] [sharder.cpp:89] The sharder at node #0 shut down.
[time 2024-12-31T11:30:56.626581] [level INFO] [thread 22107] [sharder.cpp:94] Close Stream sender at node #0
[time 2024-12-31T11:30:56.687633] [level INFO] [thread 22107] [server.cpp:1187] Server[braft::RaftStatImpl+braft::FileServiceImpl+braft::RaftServiceImpl+txlog::RaftLogServiceImpl+braft::CliServiceImpl] is going to quit
[time 2024-12-31T11:30:56.688102] [level INFO] [thread 22107] [node.cpp:993] node lg0:127.0.0.1:8012:0:0 shutdown, current_term 2 state LEADER
[time 2024-12-31T11:30:56.688258] [level INFO] [thread 22157] [raft_log_instance.cpp:1204] Log node 127.0.0.1:8012 stops being the leader of the log group #0, status: Raft node is going to quit.
[time 2024-12-31T11:30:56.688313] [level INFO] [thread 22107] [replicator.cpp:1525] Group lg0 Fail to find the next candidate
[time 2024-12-31T11:30:58.269073] [level INFO] [thread 22107] [node.cpp:993] node lg0:127.0.0.1:8012:0:0 shutdown, current_term 2 state SHUTDOWN
[time 2024-12-31T11:30:58.269168] [level INFO] [thread 22107] [node.cpp:993] node lg0:127.0.0.1:8012:0:0 shutdown, current_term 2 state SHUTDOWN
OK

To start mysqld at boot time you have to copy
support-files/mysql.server to the right place for your system


Two all-privilege accounts were created.
One is root@localhost, it has no password, but you need to
be system 'root' user to connect. Use, for example, sudo mysql
The second is mono@localhost, it has no password either, but
you need to be the system 'mono' user to connect.
After connecting you can set the password, if you would need to be
able to connect as any of these users with a password and without sudo

See the MariaDB Knowledgebase at https://mariadb.com/kb

You can start the MariaDB daemon with:
cd '/home/mono/workspace/mariadb/install' ; /home/mono/workspace/mariadb/install/bin/mysqld_safe --datadir='/tmp/build/dce06a3d/mono_test_src/runtime/test_data/datafarm0'

You can test the MariaDB daemon with mysql-test-run.pl
cd '/home/mono/workspace/mariadb/install/mysql-test' ; perl mysql-test-run.pl

Please report any problems at https://mariadb.org/jira

The latest information about MariaDB is available at https://mariadb.org/.

Consider joining MariaDB's strong and vibrant community:
https://mariadb.org/get-involved/

